DEBUG:root:Order:2 3 10.0
DEBUG:root:Finish turn

DEBUG:root:Order:2 4 10.0
DEBUG:root:Finish turn

DEBUG:root:Order:2 19 15.0
DEBUG:root:Finish turn

DEBUG:root:Order:2 20 15.0
DEBUG:root:Order:2 4 32
DEBUG:root:Finish turn

DEBUG:root:Order:2 15 20.0
DEBUG:root:Bad order:4 3.0 8
DEBUG:root:Finish turn

DEBUG:root:Order:2 16 20.0
DEBUG:root:Order:4 0 26.0
DEBUG:root:Order:4 2 4
DEBUG:root:Finish turn

DEBUG:root:Order:2 4 1
DEBUG:root:Finish turn

DEBUG:root:Order:2 19 6
DEBUG:root:Order:4 19 2
DEBUG:root:Finish turn

DEBUG:root:Order:2 19 2
DEBUG:root:Order:2 4 2
DEBUG:root:Finish turn

DEBUG:root:Order:2 19 1
DEBUG:root:Order:4 19 1
DEBUG:root:Finish turn

DEBUG:root:Order:2 19 1
DEBUG:root:Order:2 4 2
DEBUG:root:Finish turn

DEBUG:root:Order:2 15 6
DEBUG:root:Order:4 15 5
DEBUG:root:Order:19 15 2
DEBUG:root:Finish turn

DEBUG:root:Order:2 15 1
DEBUG:root:Order:2 19 1
DEBUG:root:Order:2 4 2
DEBUG:root:Finish turn

DEBUG:root:Order:2 19 1
DEBUG:root:Order:4 19 1
DEBUG:root:Finish turn

DEBUG:root:Order:2 19 1
DEBUG:root:Order:2 4 2
DEBUG:root:Finish turn

DEBUG:root:Order:2 15 7
DEBUG:root:Order:4 15 6
DEBUG:root:Order:19 15 3
DEBUG:root:Finish turn

DEBUG:root:Order:2 15 2
DEBUG:root:Order:2 19 1
DEBUG:root:Finish turn

DEBUG:root:Order:2 19 1
DEBUG:root:Order:2 4 2
DEBUG:root:Finish turn

DEBUG:root:Order:2 0 7
DEBUG:root:Order:4 0 6
DEBUG:root:Order:15 0 6
DEBUG:root:Order:19 0 3
DEBUG:root:Finish turn

DEBUG:root:Order:2 0 9
DEBUG:root:Order:15 0 7
DEBUG:root:Order:4 0 6
DEBUG:root:Order:19 0 5
DEBUG:root:Finish turn

DEBUG:root:Order:2 0 3
DEBUG:root:Order:2 19 1
DEBUG:root:Finish turn

DEBUG:root:Order:2 0 1
DEBUG:root:Order:2 19 1
DEBUG:root:Order:2 4 1
DEBUG:root:Order:15 4 1
DEBUG:root:Finish turn

DEBUG:root:Order:15 9 40.0
DEBUG:root:Order:2 15 14
DEBUG:root:Order:4 15 11
DEBUG:root:Order:4 0 13
DEBUG:root:Finish turn

DEBUG:root:Order:19 0 15
DEBUG:root:Order:2 0 8
DEBUG:root:Order:2 4 4
DEBUG:root:Finish turn

DEBUG:root:Order:15 0 2
DEBUG:root:Order:15 2 1
DEBUG:root:Order:15 4 1
DEBUG:root:Order:15 19 1
DEBUG:root:Finish turn

DEBUG:root:Order:2 0 1
DEBUG:root:Order:2 19 1
DEBUG:root:Order:2 4 2
DEBUG:root:Order:15 4 1
DEBUG:root:Finish turn

DEBUG:root:Order:4 0 2
DEBUG:root:Order:4 19 2
DEBUG:root:Finish turn

DEBUG:root:Order:2 4 2
DEBUG:root:Order:2 0 1
DEBUG:root:Order:2 19 1
DEBUG:root:Finish turn

DEBUG:root:Order:2 0 7
DEBUG:root:Order:15 0 7
DEBUG:root:Order:4 0 4
DEBUG:root:Order:19 0 3
DEBUG:root:Finish turn

DEBUG:root:Order:2 0 3
DEBUG:root:Order:2 19 1
DEBUG:root:Finish turn

DEBUG:root:Order:15 10 40.0
DEBUG:root:Order:2 15 9
DEBUG:root:Order:4 15 7
DEBUG:root:Order:0 15 6
DEBUG:root:Order:19 15 6
DEBUG:root:Finish turn

DEBUG:root:Order:2 15 1
DEBUG:root:Order:2 0 3
DEBUG:root:Finish turn

DEBUG:root:Order:2 19 2
DEBUG:root:Finish turn

DEBUG:root:Order:2 15 7
DEBUG:root:Order:4 15 4
DEBUG:root:Order:19 15 3
DEBUG:root:Order:0 15 2
DEBUG:root:Finish turn

DEBUG:root:Order:2 0 8
DEBUG:root:Order:4 0 5
DEBUG:root:Order:19 0 4
DEBUG:root:Order:15 0 2
DEBUG:root:Finish turn

DEBUG:root:Order:2 0 3
DEBUG:root:Order:2 19 3
DEBUG:root:Order:15 19 1
DEBUG:root:Finish turn

DEBUG:root:Order:19 0 1
DEBUG:root:Finish turn

DEBUG:root:Order:2 15 9
DEBUG:root:Order:4 15 6
DEBUG:root:Order:19 15 1
DEBUG:root:Order:19 9 6
DEBUG:root:Order:0 9 4
DEBUG:root:Finish turn

DEBUG:root:Order:2 9 7
DEBUG:root:Order:4 9 4
DEBUG:root:Order:15 9 4
DEBUG:root:Order:0 9 3
DEBUG:root:Order:19 9 2
DEBUG:root:Finish turn

DEBUG:root:Order:2 9 2
DEBUG:root:Order:2 0 3
DEBUG:root:Order:15 0 1
DEBUG:root:Finish turn

DEBUG:root:Order:0 19 1
DEBUG:root:Finish turn

DEBUG:root:Order:15 5 46.0
DEBUG:root:Order:2 15 11
DEBUG:root:Bad order:0 3.0 7
DEBUG:root:Order:4 15 7
DEBUG:root:Order:9 15 6
DEBUG:root:Order:19 15 5
DEBUG:root:Finish turn

DEBUG:root:Order:0 15 5
DEBUG:root:Order:2 15 2
DEBUG:root:Order:2 19 1
DEBUG:root:Order:2 4 2
DEBUG:root:Finish turn

DEBUG:root:Order:4 9 5
DEBUG:root:Order:2 9 4
DEBUG:root:Order:15 9 4
DEBUG:root:Order:0 9 3
DEBUG:root:Order:19 9 2
DEBUG:root:Finish turn

DEBUG:root:Order:2 9 7
DEBUG:root:Order:15 9 5
DEBUG:root:Order:4 9 4
DEBUG:root:Order:0 9 3
DEBUG:root:Order:19 9 3
DEBUG:root:Finish turn

DEBUG:root:Order:2 9 2
DEBUG:root:Order:2 0 3
DEBUG:root:Order:15 0 1
DEBUG:root:Finish turn

DEBUG:root:Order:2 19 6
DEBUG:root:Order:15 19 6
DEBUG:root:Order:4 19 5
DEBUG:root:Order:9 19 4
DEBUG:root:Finish turn

DEBUG:root:Order:2 19 8
DEBUG:root:Order:15 19 6
DEBUG:root:Order:4 19 5
DEBUG:root:Order:9 19 5
DEBUG:root:Finish turn

DEBUG:root:Bad order:0 2.0 9
DEBUG:root:Order:2 4 6
DEBUG:root:Order:15 4 4
DEBUG:root:Order:9 4 3
DEBUG:root:Order:19 4 2
DEBUG:root:Finish turn

DEBUG:root:Bad order:0 6.0 7
DEBUG:root:Order:0 10 3
DEBUG:root:Order:0 19 1
DEBUG:root:Bad order:0 2.0 7
DEBUG:root:Order:2 9 2
DEBUG:root:Finish turn

DEBUG:root:Order:15 6 46.0
DEBUG:root:Order:2 15 10
DEBUG:root:Bad order:0 4.0 9
DEBUG:root:Order:9 15 8
DEBUG:root:Bad order:10 5.0 6
DEBUG:root:Order:19 15 5
DEBUG:root:Finish turn

DEBUG:root:Bad order:0 5.0 7
DEBUG:root:Order:10 15 5
DEBUG:root:Order:2 15 2
DEBUG:root:Finish turn

DEBUG:root:Order:0 15 5
DEBUG:root:Bad order:0 1.0 4
DEBUG:root:Order:0 19 1
DEBUG:root:Bad order:0 0.0 7
DEBUG:root:Order:2 4 4
DEBUG:root:Order:10 4 1
DEBUG:root:Finish turn

DEBUG:root:Order:4 5 6
DEBUG:root:Order:2 5 5
DEBUG:root:Order:0 5 2
DEBUG:root:Order:9 5 2
DEBUG:root:Order:10 5 2
DEBUG:root:Order:15 5 2
DEBUG:root:Finish turn

DEBUG:root:Order:2 0 6
DEBUG:root:Order:15 0 4
DEBUG:root:Order:4 0 3
DEBUG:root:Order:9 0 3
DEBUG:root:Order:10 0 3
DEBUG:root:Order:19 0 2
DEBUG:root:Finish turn

DEBUG:root:Order:9 11 54.0
DEBUG:root:Order:2 9 9
DEBUG:root:Order:5 9 9
DEBUG:root:Order:15 9 7
DEBUG:root:Order:4 9 6
DEBUG:root:Bad order:10 4.0 6
DEBUG:root:Order:19 9 5
DEBUG:root:Order:0 9 3
DEBUG:root:Finish turn

DEBUG:root:Order:10 9 5
DEBUG:root:Order:2 9 2
DEBUG:root:Order:5 9 2
DEBUG:root:Order:5 0 1
DEBUG:root:Order:5 19 1
DEBUG:root:Order:5 4 2
DEBUG:root:Finish turn

DEBUG:root:Order:2 15 3
DEBUG:root:Order:4 15 1
DEBUG:root:Order:4 0 1
DEBUG:root:Order:4 19 1
DEBUG:root:Order:4 5 1
DEBUG:root:Finish turn

DEBUG:root:Order:2 10 6
DEBUG:root:Order:5 10 6
DEBUG:root:Order:9 10 2
DEBUG:root:Order:0 10 1
DEBUG:root:Order:19 10 1
DEBUG:root:Finish turn

DEBUG:root:Order:19 12 54.0
DEBUG:root:Bad order:2 10.0 14
DEBUG:root:Order:5 19 14
DEBUG:root:Order:4 19 11
DEBUG:root:Order:9 19 11
DEBUG:root:Order:10 19 5
DEBUG:root:Finish turn

DEBUG:root:Bad order:2 15.0 16
DEBUG:root:Order:2 19 4
DEBUG:root:Finish turn

DEBUG:root:Order:2 0 15
DEBUG:root:Order:5 0 2
DEBUG:root:Order:5 19 1
DEBUG:root:Order:5 4 5
DEBUG:root:Finish turn

DEBUG:root:Order:4 0 2
DEBUG:root:Order:4 19 2
DEBUG:root:Order:4 10 1
DEBUG:root:Order:4 5 3
DEBUG:root:Order:2 5 2
DEBUG:root:Finish turn

DEBUG:root:Order:5 2 11
DEBUG:root:Order:10 2 3
DEBUG:root:Order:0 2 2
DEBUG:root:Order:19 2 2
DEBUG:root:Order:19 4 2
DEBUG:root:Finish turn

DEBUG:root:Order:5 19 8
DEBUG:root:Order:2 19 7
DEBUG:root:Order:4 19 6
DEBUG:root:Order:10 19 5
DEBUG:root:Finish turn

DEBUG:root:Order:2 19 2
DEBUG:root:Order:2 4 1
DEBUG:root:Order:2 10 1
DEBUG:root:Finish turn

DEBUG:root:Order:5 11 3
DEBUG:root:Order:5 4 4
DEBUG:root:Finish turn

DEBUG:root:Order:2 19 2
DEBUG:root:Order:4 19 2
DEBUG:root:Finish turn

DEBUG:root:Order:2 0 3
DEBUG:root:Order:5 0 2
DEBUG:root:Order:11 0 2
DEBUG:root:Finish turn

DEBUG:root:Order:2 0 7
DEBUG:root:Order:5 0 7
DEBUG:root:Order:11 0 6
DEBUG:root:Order:4 0 4
DEBUG:root:Finish turn

DEBUG:root:Order:2 0 7
DEBUG:root:Order:5 0 7
DEBUG:root:Order:11 0 6
DEBUG:root:Order:4 0 4
DEBUG:root:Order:4 19 4
DEBUG:root:Finish turn

DEBUG:root:Order:2 4 1
DEBUG:root:Order:5 4 1
DEBUG:root:Finish turn

DEBUG:root:Order:2 11 7
DEBUG:root:Order:5 11 7
DEBUG:root:Order:19 11 3
DEBUG:root:Finish turn

DEBUG:root:Order:2 11 1
DEBUG:root:Order:2 19 1
DEBUG:root:Order:2 4 2
DEBUG:root:Order:5 4 2
DEBUG:root:Finish turn

DEBUG:root:Order:5 4 8
DEBUG:root:Order:2 4 6
DEBUG:root:Order:11 4 3
DEBUG:root:Order:11 6 6
DEBUG:root:Finish turn

DEBUG:root:Order:2 4 1
DEBUG:root:Order:5 4 1
DEBUG:root:Order:5 11 1
DEBUG:root:Finish turn

DEBUG:root:Order:2 4 2
DEBUG:root:Order:2 19 2
DEBUG:root:Order:2 11 1
DEBUG:root:Finish turn

DEBUG:root:Order:6 19 2
DEBUG:root:Order:6 2 1
DEBUG:root:Order:6 4 1
DEBUG:root:Finish turn

DEBUG:root:Order:5 19 3
DEBUG:root:Order:5 4 2
DEBUG:root:Finish turn

DEBUG:root:Order:2 6 6
DEBUG:root:Order:11 6 5
DEBUG:root:Order:5 6 4
DEBUG:root:Order:4 6 2
DEBUG:root:Order:19 6 1
DEBUG:root:Finish turn

DEBUG:root:Order:2 6 9
DEBUG:root:Order:5 6 9
DEBUG:root:Order:11 6 2
DEBUG:root:Order:11 12 8
DEBUG:root:Order:4 12 6
DEBUG:root:Order:19 12 2
DEBUG:root:Finish turn

DEBUG:root:Order:2 12 5
DEBUG:root:Order:5 12 5
DEBUG:root:Order:6 12 4
DEBUG:root:Order:19 12 4
DEBUG:root:Order:4 12 2
DEBUG:root:Order:11 12 2
DEBUG:root:Finish turn

DEBUG:root:Order:2 19 1
DEBUG:root:Order:5 19 1
DEBUG:root:Order:5 4 1
DEBUG:root:Order:5 12 1
DEBUG:root:Finish turn

DEBUG:root:Order:6 19 2
DEBUG:root:Order:2 19 1
DEBUG:root:Order:2 4 1
DEBUG:root:Finish turn

DEBUG:root:Order:6 12 5
DEBUG:root:Order:2 12 4
DEBUG:root:Order:5 12 4
DEBUG:root:Order:11 12 4
DEBUG:root:Finish turn

DEBUG:root:Order:2 6 5
DEBUG:root:Order:5 6 5
DEBUG:root:Order:11 6 4
DEBUG:root:Order:4 6 2
DEBUG:root:Order:19 6 1
DEBUG:root:Finish turn

DEBUG:root:Order:2 6 6
DEBUG:root:Order:5 6 6
DEBUG:root:Order:11 6 5
DEBUG:root:Order:4 6 3
DEBUG:root:Order:19 6 2
DEBUG:root:Finish turn

DEBUG:root:Order:2 6 6
DEBUG:root:Order:5 6 6
DEBUG:root:Order:11 6 5
DEBUG:root:Order:4 6 3
DEBUG:root:Order:19 6 2
DEBUG:root:Finish turn

DEBUG:root:Order:2 19 1
DEBUG:root:Order:5 19 1
DEBUG:root:Order:5 4 1
DEBUG:root:Finish turn

DEBUG:root:Order:2 19 7
DEBUG:root:Order:5 19 6
DEBUG:root:Order:11 19 6
DEBUG:root:Order:4 19 3
DEBUG:root:Finish turn

DEBUG:root:Order:2 19 7
DEBUG:root:Order:5 19 7
DEBUG:root:Order:11 19 6
DEBUG:root:Order:4 19 4
DEBUG:root:Finish turn

DEBUG:root:Order:2 19 7
DEBUG:root:Order:5 19 7
DEBUG:root:Order:11 19 6
DEBUG:root:Order:4 19 4
DEBUG:root:Finish turn

DEBUG:root:Order:2 19 1
DEBUG:root:Order:5 19 1
DEBUG:root:Order:5 4 1
DEBUG:root:Finish turn

DEBUG:root:Order:2 19 2
DEBUG:root:Order:2 4 1
DEBUG:root:Finish turn

DEBUG:root:Order:5 2 7
DEBUG:root:Order:11 2 6
DEBUG:root:Order:4 2 2
DEBUG:root:Order:19 2 1
DEBUG:root:Finish turn

DEBUG:root:Order:19 13 62.0
DEBUG:root:Order:5 19 19
DEBUG:root:Order:11 19 18
DEBUG:root:Order:4 19 9
DEBUG:root:Order:4 2 9
DEBUG:root:Finish turn

DEBUG:root:Order:5 11 8
DEBUG:root:Order:2 11 7
DEBUG:root:Order:4 11 3
DEBUG:root:Order:19 11 3
DEBUG:root:Finish turn

DEBUG:root:Order:2 11 7
DEBUG:root:Order:5 11 7
DEBUG:root:Order:4 11 4
DEBUG:root:Order:19 11 3
DEBUG:root:Finish turn

DEBUG:root:Order:2 5 8
DEBUG:root:Order:4 5 5
DEBUG:root:Order:11 5 4
DEBUG:root:Order:19 5 4
DEBUG:root:Finish turn

DEBUG:root:Order:2 5 7
DEBUG:root:Order:11 5 6
DEBUG:root:Order:4 5 4
DEBUG:root:Order:19 5 3
DEBUG:root:Finish turn

DEBUG:root:Order:2 4 7
DEBUG:root:Order:5 4 6
DEBUG:root:Order:11 4 6
DEBUG:root:Order:19 4 3
DEBUG:root:Finish turn

DEBUG:root:Order:2 4 7
DEBUG:root:Order:5 4 7
DEBUG:root:Order:11 4 6
DEBUG:root:Order:19 4 3
DEBUG:root:Finish turn

DEBUG:root:Order:2 4 8
DEBUG:root:Order:5 4 8
DEBUG:root:Order:11 4 7
DEBUG:root:Order:19 4 4
DEBUG:root:Finish turn

DEBUG:root:Order:2 4 9
DEBUG:root:Order:5 4 9
DEBUG:root:Order:11 4 8
DEBUG:root:Order:19 4 5
DEBUG:root:Finish turn

DEBUG:root:Order:2 4 7
DEBUG:root:Order:5 4 7
DEBUG:root:Order:11 4 6
DEBUG:root:Order:19 4 3
DEBUG:root:Finish turn

DEBUG:root:Order:4 14 62.0
DEBUG:root:Order:2 4 19
DEBUG:root:Order:11 4 18
DEBUG:root:Order:19 4 9
DEBUG:root:Order:19 5 5
DEBUG:root:Finish turn

DEBUG:root:Order:2 5 7
DEBUG:root:Order:11 5 6
DEBUG:root:Order:19 5 4
DEBUG:root:Order:4 5 3
DEBUG:root:Finish turn

DEBUG:root:Order:4 7 64.0
DEBUG:root:Order:2 4 19
DEBUG:root:Order:5 4 19
DEBUG:root:Order:11 4 9
DEBUG:root:Order:11 19 10
DEBUG:root:Finish turn

DEBUG:root:Order:2 19 2
DEBUG:root:Order:2 4 1
DEBUG:root:Finish turn

DEBUG:root:Order:4 8 64.0
DEBUG:root:Bad order:13 1.0 38
DEBUG:root:Order:5 4 8
DEBUG:root:Order:2 4 5
DEBUG:root:Order:11 4 5
DEBUG:root:Order:19 4 1
DEBUG:root:Finish turn

DEBUG:root:Bad order:13 5.0 39
DEBUG:root:Order:2 4 2
DEBUG:root:Order:5 4 2
DEBUG:root:Order:11 4 1
DEBUG:root:Finish turn

DEBUG:root:Bad order:13 9.0 14
DEBUG:root:Order:2 4 7
DEBUG:root:Order:5 4 7
DEBUG:root:Order:11 4 6
DEBUG:root:Order:19 4 1
DEBUG:root:Finish turn

DEBUG:root:Order:2 4 6
DEBUG:root:Order:5 4 4
DEBUG:root:Order:5 13 6
DEBUG:root:Order:11 13 2
DEBUG:root:Finish turn

DEBUG:root:Order:11 13 9
DEBUG:root:Order:2 13 7
DEBUG:root:Order:4 13 3
DEBUG:root:Order:5 13 3
DEBUG:root:Finish turn

DEBUG:root:Order:2 13 6
DEBUG:root:Order:5 13 6
DEBUG:root:Order:11 13 5
DEBUG:root:Order:4 13 3
DEBUG:root:Finish turn

DEBUG:root:Order:4 17 69.0
DEBUG:root:Bad order:14 1.0 47
DEBUG:root:Order:5 4 11
DEBUG:root:Order:11 4 10
DEBUG:root:Order:13 4 7
DEBUG:root:Finish turn

DEBUG:root:Bad order:14 5.0 21
DEBUG:root:Order:5 4 4
DEBUG:root:Order:11 4 3
DEBUG:root:Order:13 4 3
DEBUG:root:Finish turn

DEBUG:root:Order:5 4 7
DEBUG:root:Order:11 4 6
DEBUG:root:Order:13 4 5
DEBUG:root:Order:13 14 1
DEBUG:root:Finish turn

DEBUG:root:Order:5 14 8
DEBUG:root:Order:13 14 7
DEBUG:root:Order:4 14 5
DEBUG:root:Finish turn

DEBUG:root:Order:13 5 7
DEBUG:root:Order:4 5 5
DEBUG:root:Order:14 5 5
DEBUG:root:Finish turn

DEBUG:root:Bad order:8 1.0 32
DEBUG:root:Bad order:8 1.0 6
DEBUG:root:Bad order:8 1.0 4
DEBUG:root:Bad order:8 1.0 4
DEBUG:root:Finish turn

DEBUG:root:Bad order:8 2.0 23
DEBUG:root:Order:14 5 2
DEBUG:root:Finish turn

DEBUG:root:Order:14 8 3
DEBUG:root:Order:14 4 3
DEBUG:root:Finish turn

DEBUG:root:Order:4 8 14
DEBUG:root:Order:14 8 11
DEBUG:root:Finish turn

DEBUG:root:Bad order:14 13.0 17
DEBUG:root:Finish turn

DEBUG:root:Bad order:14 17.0 36
DEBUG:root:Finish turn

DEBUG:root:Bad order:17 1.0 67
DEBUG:root:Bad order:14 21.0 22
DEBUG:root:Finish turn

DEBUG:root:Bad order:7 1.0 55
DEBUG:root:Bad order:17 6.0 29
DEBUG:root:Order:14 8 14
DEBUG:root:Finish turn

DEBUG:root:Bad order:17 11.0 42
DEBUG:root:Bad order:7 2.0 34
DEBUG:root:Finish turn

DEBUG:root:Bad order:17 16.0 55
DEBUG:root:Bad order:7 3.0 11
DEBUG:root:Finish turn

DEBUG:root:Bad order:17 21.0 55
DEBUG:root:Order:17 7 17
DEBUG:root:Finish turn

DEBUG:root:Finish turn

DEBUG:root:Finish turn

DEBUG:root:Finish turn

DEBUG:root:Finish turn

DEBUG:root:Finish turn

DEBUG:root:Finish turn

DEBUG:root:Finish turn

DEBUG:root:Finish turn

DEBUG:root:Finish turn

DEBUG:root:Finish turn

DEBUG:root:Finish turn

